  blockRanderMaster.cpp
d:\vnkmxx\easyminecraft\easyminecraft\entity\blockrandermaster.cpp(57): warning C4244: “=”: 从“unsigned int”转换到“GLfloat”，可能丢失数据
d:\vnkmxx\easyminecraft\easyminecraft\entity\blockrandermaster.cpp(195): warning C4244: “参数”: 从“double”转换到“float”，可能丢失数据
d:\vnkmxx\easyminecraft\easyminecraft\entity\blockrandermaster.cpp(203): warning C4244: “参数”: 从“GLfloat”转换到“GLuint”，可能丢失数据
d:\vnkmxx\easyminecraft\easyminecraft\entity\blockrandermaster.cpp(231): warning C4244: “参数”: 从“GLfloat”转换到“GLuint”，可能丢失数据
LINK : warning LNK4098: 默认库“LIBCMT”与其他库的使用冲突；请使用 /NODEFAULTLIB:library
  正在生成代码
  1 of 1032 functions (<0.1%) were compiled, the rest were copied from previous compilation.
    0 functions were new in current compilation
    1 functions had inline decision re-evaluated but remain unchanged
  已完成代码的生成
blockRanderMaster.obj : warning LNK4049: 已导入本地定义的符号 ___glewUniform3fv
blockRanderMaster.obj : warning LNK4049: 已导入本地定义的符号 ___glewLinkProgram
blockRanderMaster.obj : warning LNK4049: 已导入本地定义的符号 ___glewDeleteShader
blockRanderMaster.obj : warning LNK4049: 已导入本地定义的符号 ___glewUniform3f
blockRanderMaster.obj : warning LNK4049: 已导入本地定义的符号 ___glewGenerateMipmap
blockRanderMaster.obj : warning LNK4049: 已导入本地定义的符号 ___glewGenBuffers
blockRanderMaster.obj : warning LNK4049: 已导入本地定义的符号 ___glewGetProgramInfoLog
blockRanderMaster.obj : warning LNK4049: 已导入本地定义的符号 ___glewUniformMatrix4fv
blockRanderMaster.obj : warning LNK4049: 已导入本地定义的符号 ___glewDrawArraysInstanced
blockRanderMaster.obj : warning LNK4049: 已导入本地定义的符号 ___glewShaderSource
blockRanderMaster.obj : warning LNK4049: 已导入本地定义的符号 ___glewActiveTexture
blockRanderMaster.obj : warning LNK4049: 已导入本地定义的符号 ___glewAttachShader
blockRanderMaster.obj : warning LNK4049: 已导入本地定义的符号 ___glewBufferData
blockRanderMaster.obj : warning LNK4049: 已导入本地定义的符号 ___glewGetUniformLocation
blockRanderMaster.obj : warning LNK4049: 已导入本地定义的符号 ___glewUniform1f
blockRanderMaster.obj : warning LNK4049: 已导入本地定义的符号 ___glewVertexAttribDivisor
blockRanderMaster.obj : warning LNK4049: 已导入本地定义的符号 ___glewGetProgramiv
blockRanderMaster.obj : warning LNK4049: 已导入本地定义的符号 ___glewGetShaderInfoLog
blockRanderMaster.obj : warning LNK4049: 已导入本地定义的符号 ___glewUniform1i
blockRanderMaster.obj : warning LNK4049: 已导入本地定义的符号 ___glewCreateProgram
blockRanderMaster.obj : warning LNK4049: 已导入本地定义的符号 ___glewBindBuffer
blockRanderMaster.obj : warning LNK4049: 已导入本地定义的符号 ___glewCreateShader
blockRanderMaster.obj : warning LNK4049: 已导入本地定义的符号 ___glewCompileShader
blockRanderMaster.obj : warning LNK4049: 已导入本地定义的符号 ___glewGetShaderiv
blockRanderMaster.obj : warning LNK4049: 已导入本地定义的符号 ___glewVertexAttribPointer
blockRanderMaster.obj : warning LNK4049: 已导入本地定义的符号 ___glewUseProgram
blockRanderMaster.obj : warning LNK4049: 已导入本地定义的符号 ___glewEnableVertexAttribArray
main.obj : warning LNK4020: “d:\vnkmxx\easyminecraft\easyminecraft\release\vc141.pdb”中的类型记录已损坏；某些符号和类型可能无法从调试器中访问
glew32s.lib(glew.obj) : warning LNK4099: 未找到 PDB“vc120.pdb”(使用“glew32s.lib(glew.obj)”或在“D:\VNKMXX\EasyMinecraft\Release\vc120.pdb”中寻找)；正在链接对象，如同没有调试信息一样
  EasyMinecraft.vcxproj -> D:\VNKMXX\EasyMinecraft\Release\EasyMinecraft.exe
